timestamp: 2016-01-19T13:19:59.255236
CREATE TABLE auth_user(
    id INTEGER PRIMARY KEY AUTOINCREMENT,
    username CHAR(512),
    first_name CHAR(512),
    last_name CHAR(512),
    email CHAR(512),
    password CHAR(512),
    manager CHAR(1),
    actual_cash DOUBLE,
    virtual_cash DOUBLE,
    created_on TIMESTAMP,
    modified_on TIMESTAMP,
    registration_key CHAR(512),
    reset_password_key CHAR(512),
    registration_id CHAR(512)
);
success!
timestamp: 2016-01-19T13:19:59.258313
CREATE TABLE auth_group(
    id INTEGER PRIMARY KEY AUTOINCREMENT,
    role CHAR(512),
    description TEXT
);
success!
timestamp: 2016-01-19T13:19:59.260849
CREATE TABLE auth_membership(
    id INTEGER PRIMARY KEY AUTOINCREMENT,
    user_id INTEGER REFERENCES auth_user (id) ON DELETE CASCADE  ,
    group_id INTEGER REFERENCES auth_group (id) ON DELETE CASCADE  
);
success!
timestamp: 2016-01-19T13:19:59.264274
CREATE TABLE auth_permission(
    id INTEGER PRIMARY KEY AUTOINCREMENT,
    group_id INTEGER REFERENCES auth_group (id) ON DELETE CASCADE  ,
    name CHAR(512),
    table_name CHAR(512),
    record_id INTEGER
);
success!
timestamp: 2016-01-19T13:19:59.267641
CREATE TABLE auth_event(
    id INTEGER PRIMARY KEY AUTOINCREMENT,
    time_stamp TIMESTAMP,
    client_ip CHAR(512),
    user_id INTEGER REFERENCES auth_user (id) ON DELETE CASCADE  ,
    origin CHAR(512),
    description TEXT
);
success!
timestamp: 2016-01-19T13:19:59.272187
CREATE TABLE auth_cas(
    id INTEGER PRIMARY KEY AUTOINCREMENT,
    user_id INTEGER REFERENCES auth_user (id) ON DELETE CASCADE  ,
    created_on TIMESTAMP,
    service CHAR(512),
    ticket CHAR(512),
    renew CHAR(1)
);
success!
timestamp: 2016-01-19T13:19:59.276721
CREATE TABLE product(
    id INTEGER PRIMARY KEY AUTOINCREMENT,
    name CHAR(512),
    description CHAR(512),
    unit_price DOUBLE,
    post_url CHAR(512),
    quote_url CHAR(512),
    ws_url CHAR(512),
    active CHAR(1),
    created_on TIMESTAMP,
    modified_on TIMESTAMP,
    created_by INTEGER REFERENCES auth_user (id) ON DELETE CASCADE  ,
    modified_by INTEGER REFERENCES auth_user (id) ON DELETE CASCADE  
);
success!
timestamp: 2016-01-19T13:19:59.280158
CREATE TABLE buy_sell_order(
    id INTEGER PRIMARY KEY AUTOINCREMENT,
    product INTEGER REFERENCES product (id) ON DELETE CASCADE  ,
    buy_sell CHAR(512),
    quantity INTEGER,
    price DOUBLE,
    stop_price DOUBLE,
    oid INTEGER,
    created_on TIMESTAMP,
    created_by INTEGER REFERENCES auth_user (id) ON DELETE CASCADE  
);
success!
timestamp: 2016-01-19T13:19:59.283383
CREATE TABLE match(
    id INTEGER PRIMARY KEY AUTOINCREMENT,
    product INTEGER REFERENCES product (id) ON DELETE CASCADE  ,
    quantity INTEGER,
    price DOUBLE,
    buyer INTEGER,
    seller INTEGER,
    buy_oid INTEGER REFERENCES auth_user (id) ON DELETE CASCADE  ,
    sell_oid INTEGER REFERENCES auth_user (id) ON DELETE CASCADE  ,
    match_time DOUBLE,
    created_on TIMESTAMP
);
success!
